  AppWindow.cpp
C:\Users\miles\Code\DynaEngine\DynaEngine\Vector2.h(29,14): warning C4244: 'return': conversion from 'double' to 'float', possible loss of data
C:\Users\miles\Code\DynaEngine\DynaEngine\Vector3.h(29,14): warning C4244: 'return': conversion from 'double' to 'float', possible loss of data
C:\Users\miles\Code\DynaEngine\DynaEngine\Matrix4x4.h(39,20): warning C4244: '=': conversion from 'double' to 'float', possible loss of data
C:\Users\miles\Code\DynaEngine\DynaEngine\Matrix4x4.h(40,20): warning C4244: '=': conversion from 'double' to 'float', possible loss of data
C:\Users\miles\Code\DynaEngine\DynaEngine\Matrix4x4.h(41,17): warning C4244: '=': conversion from 'double' to 'float', possible loss of data
C:\Users\miles\Code\DynaEngine\DynaEngine\Matrix4x4.h(42,20): warning C4244: '=': conversion from 'double' to 'float', possible loss of data
C:\Users\miles\Code\DynaEngine\DynaEngine\Matrix4x4.h(47,20): warning C4244: '=': conversion from 'double' to 'float', possible loss of data
C:\Users\miles\Code\DynaEngine\DynaEngine\Matrix4x4.h(48,17): warning C4244: '=': conversion from 'double' to 'float', possible loss of data
C:\Users\miles\Code\DynaEngine\DynaEngine\Matrix4x4.h(49,20): warning C4244: '=': conversion from 'double' to 'float', possible loss of data
C:\Users\miles\Code\DynaEngine\DynaEngine\Matrix4x4.h(50,20): warning C4244: '=': conversion from 'double' to 'float', possible loss of data
C:\Users\miles\Code\DynaEngine\DynaEngine\Matrix4x4.h(55,20): warning C4244: '=': conversion from 'double' to 'float', possible loss of data
C:\Users\miles\Code\DynaEngine\DynaEngine\Matrix4x4.h(56,20): warning C4244: '=': conversion from 'double' to 'float', possible loss of data
C:\Users\miles\Code\DynaEngine\DynaEngine\Matrix4x4.h(57,17): warning C4244: '=': conversion from 'double' to 'float', possible loss of data
C:\Users\miles\Code\DynaEngine\DynaEngine\Matrix4x4.h(58,20): warning C4244: '=': conversion from 'double' to 'float', possible loss of data
  InputSystem.cpp
C:\Users\miles\Code\DynaEngine\DynaEngine\Vector2.h(29,14): warning C4244: 'return': conversion from 'double' to 'float', possible loss of data
C:\Users\miles\Code\DynaEngine\DynaEngine\InputSystem.cpp(20,67): warning C4244: 'argument': conversion from 'LONG' to 'float', possible loss of data
C:\Users\miles\Code\DynaEngine\DynaEngine\InputSystem.cpp(20,46): warning C4244: 'argument': conversion from 'LONG' to 'float', possible loss of data
C:\Users\miles\Code\DynaEngine\DynaEngine\InputSystem.cpp(34,66): warning C4244: 'argument': conversion from 'LONG' to 'float', possible loss of data
C:\Users\miles\Code\DynaEngine\DynaEngine\InputSystem.cpp(34,45): warning C4244: 'argument': conversion from 'LONG' to 'float', possible loss of data
C:\Users\miles\Code\DynaEngine\DynaEngine\InputSystem.cpp(50,77): warning C4244: 'argument': conversion from 'LONG' to 'float', possible loss of data
C:\Users\miles\Code\DynaEngine\DynaEngine\InputSystem.cpp(50,56): warning C4244: 'argument': conversion from 'LONG' to 'float', possible loss of data
C:\Users\miles\Code\DynaEngine\DynaEngine\InputSystem.cpp(54,78): warning C4244: 'argument': conversion from 'LONG' to 'float', possible loss of data
C:\Users\miles\Code\DynaEngine\DynaEngine\InputSystem.cpp(54,57): warning C4244: 'argument': conversion from 'LONG' to 'float', possible loss of data
C:\Users\miles\Code\DynaEngine\DynaEngine\InputSystem.cpp(69,74): warning C4244: 'argument': conversion from 'LONG' to 'float', possible loss of data
C:\Users\miles\Code\DynaEngine\DynaEngine\InputSystem.cpp(69,53): warning C4244: 'argument': conversion from 'LONG' to 'float', possible loss of data
C:\Users\miles\Code\DynaEngine\DynaEngine\InputSystem.cpp(71,75): warning C4244: 'argument': conversion from 'LONG' to 'float', possible loss of data
C:\Users\miles\Code\DynaEngine\DynaEngine\InputSystem.cpp(71,54): warning C4244: 'argument': conversion from 'LONG' to 'float', possible loss of data
C:\Users\miles\Code\DynaEngine\DynaEngine\InputSystem.cpp(84,79): warning C4244: 'argument': conversion from 'LONG' to 'float', possible loss of data
C:\Users\miles\Code\DynaEngine\DynaEngine\InputSystem.cpp(84,58): warning C4244: 'argument': conversion from 'LONG' to 'float', possible loss of data
C:\Users\miles\Code\DynaEngine\DynaEngine\InputSystem.cpp(86,80): warning C4244: 'argument': conversion from 'LONG' to 'float', possible loss of data
C:\Users\miles\Code\DynaEngine\DynaEngine\InputSystem.cpp(86,59): warning C4244: 'argument': conversion from 'LONG' to 'float', possible loss of data
  Generating Code...
  DynaEngine.vcxproj -> C:\Users\miles\Code\DynaEngine\x64\Debug\DynaEngine.exe
